<?xml version="1.0" encoding="UTF-8"?>
<testsuite name="tests.property.SuperConstructorTest" tests="1" skipped="0" failures="0" errors="0" timestamp="2023-11-30T18:26:10" hostname="i57pclanzinger" time="0.526">
  <properties/>
  <testcase name="run[/home/florian/git/property-checker-public/tests/property/SuperConstructorTest]" classname="tests.property.SuperConstructorTest" time="0.526"/>
  <system-out><![CDATA[Wrote file /IntSuperConstructorTest.java with: 
	0 assertions (to be proven in JML)
	0 assumptions (proven by checker)
	0 non-free method preconditions (to be proven in JML)
	0 free method preconditions (proven by checker)
Wrote file /IntSuperConstructorTest.java with: 
	0 assertions (to be proven in JML)
	0 assumptions (proven by checker)
	0 non-free method preconditions (to be proven in JML)
	0 free method preconditions (proven by checker)
]]></system-out>
  <system-err><![CDATA[]]></system-err>
</testsuite>
