<?xml version="1.0" encoding="UTF-8"?>
<testsuite name="tests.property.AnnotatedConstructorTest" tests="1" skipped="0" failures="0" errors="0" timestamp="2023-11-30T18:26:00" hostname="i57pclanzinger" time="2.552">
  <properties/>
  <testcase name="run[/home/florian/git/property-checker-public/tests/property/AnnotatedConstructorTest]" classname="tests.property.AnnotatedConstructorTest" time="2.552"/>
  <system-out><![CDATA[Wrote file /AnnotatedConstructorTest.java with: 
	1 assertions (to be proven in JML)
	0 assumptions (proven by checker)
	0 non-free method preconditions (to be proven in JML)
	0 free method preconditions (proven by checker)
Wrote file /AnnotatedConstructorTest.java with: 
	2 assertions (to be proven in JML)
	0 assumptions (proven by checker)
	0 non-free method preconditions (to be proven in JML)
	0 free method preconditions (proven by checker)
]]></system-out>
  <system-err><![CDATA[]]></system-err>
</testsuite>
